Build started 08/11/2013 1:35:28.
     1>Project "C:\Programming\DepartamentoESI\ColorClusterSegmentationStereoTracking\CCSSTracking\CCSSTracking\CCSSTracking.vcxproj" on node 2 (Build target(s)).
     1>ClCompile:
         C:\Program Files (x86)\Microsoft Visual Studio 11.0\VC\bin\CL.exe /c /IC:\opencv\opencv\build\include /IC:\Programming\DepartamentoESI\ColorClusterSegmentationStereoTracking\CCSSTracking\CCSSTracking /Zi /nologo /W3 /WX- /sdl /O2 /Oi /Oy- /GL /D _MBCS /Gm- /EHsc /MD /GS /Gy /fp:precise /Zc:wchar_t /Zc:forScope /Fo"Release\\" /Fd"Release\vc110.pdb" /Gd /TP /analyze- /errorReport:prompt colorclustersegmentation\ColorClusterSpace.cpp colorclustersegmentation\ColorSpaceHSV8.cpp kalmanfilter\ViconDataAcquisitor.cpp main.cpp
         ColorClusterSpace.cpp
     1>c:\opencv\opencv\build\include\opencv2\flann\logger.h(66): error C4996: 'fopen': This function or variable may be unsafe. Consider using fopen_s instead. To disable deprecation, use _CRT_SECURE_NO_WARNINGS. See online help for details.
                 C:\Program Files (x86)\Microsoft Visual Studio 11.0\VC\include\stdio.h(218) : see declaration of 'fopen'
     1>colorclustersegmentation\ColorClusterSpace.cpp(47): warning C4244: 'initializing' : conversion from 'double' to 'int', possible loss of data
     1>colorclustersegmentation\ColorClusterSpace.cpp(49): warning C4244: '=' : conversion from 'double' to 'int', possible loss of data
         ColorSpaceHSV8.cpp
     1>c:\opencv\opencv\build\include\opencv2\flann\logger.h(66): error C4996: 'fopen': This function or variable may be unsafe. Consider using fopen_s instead. To disable deprecation, use _CRT_SECURE_NO_WARNINGS. See online help for details.
                 C:\Program Files (x86)\Microsoft Visual Studio 11.0\VC\include\stdio.h(218) : see declaration of 'fopen'
     1>colorclustersegmentation\ColorSpaceHSV8.cpp(23): warning C4244: '+=' : conversion from 'double' to 'int', possible loss of data
         ViconDataAcquisitor.cpp
     1>c:\opencv\opencv\build\include\opencv2\flann\logger.h(66): error C4996: 'fopen': This function or variable may be unsafe. Consider using fopen_s instead. To disable deprecation, use _CRT_SECURE_NO_WARNINGS. See online help for details.
                 C:\Program Files (x86)\Microsoft Visual Studio 11.0\VC\include\stdio.h(218) : see declaration of 'fopen'
         main.cpp
     1>main.cpp(13): fatal error C1083: Cannot open include file: 'colorclustersegmentation/FastStereoMatching.h': No such file or directory
     1>Done Building Project "C:\Programming\DepartamentoESI\ColorClusterSegmentationStereoTracking\CCSSTracking\CCSSTracking\CCSSTracking.vcxproj" (Build target(s)) -- FAILED.

Build FAILED.

Time Elapsed 00:00:03.35
