Build started 08/11/2013 0:26:48.
     1>Project "C:\Programming\DepartamentoESI\ColorClusterSegmentationStereoTracking\CCSSTracking\CCSSTracking\CCSSTracking.vcxproj" on node 2 (Build target(s)).
     1>ClCompile:
         C:\Program Files (x86)\Microsoft Visual Studio 11.0\VC\bin\CL.exe /c /ZI /nologo /W3 /WX- /sdl /Od /Oy- /D _MBCS /Gm /EHsc /RTC1 /MDd /GS /fp:precise /Zc:wchar_t /Zc:forScope /Fo"Debug\\" /Fd"Debug\vc110.pdb" /Gd /TP /analyze- /errorReport:prompt acquisition\ImageAcquisitor.cpp colorclustersegmentation\ColorClusterSpace.cpp colorclustersegmentation\ColorSpaceHSV8.cpp colorclustersegmentation\FastStereoMatching.cpp colorclustersegmentation\SegmentateImage.cpp colorclustersegmentation\SegmentedObject.cpp kalmanfilter\InputDataManager.cpp kalmanfilter\StereoVisionEKF.cpp kalmanfilter\ViconDataAcquisitor.cpp main.cpp output\outputFuns.cpp timefuns\time.cpp
         time.cpp
     1>c:\programming\departamentoesi\colorclustersegmentationstereotracking\ccsstracking\ccsstracking\timefuns\time.h(33): error C2146: syntax error : missing ';' before identifier 'frameTime'
     1>c:\programming\departamentoesi\colorclustersegmentationstereotracking\ccsstracking\ccsstracking\timefuns\time.h(33): error C4430: missing type specifier - int assumed. Note: C++ does not support default-int
     1>c:\programming\departamentoesi\colorclustersegmentationstereotracking\ccsstracking\ccsstracking\timefuns\time.h(33): warning C4183: 'frameTime': missing return type; assumed to be a member function returning 'int'
     1>c:\programming\departamentoesi\colorclustersegmentationstereotracking\ccsstracking\ccsstracking\timefuns\time.h(43): error C2146: syntax error : missing ';' before identifier 'mFrameTime'
     1>c:\programming\departamentoesi\colorclustersegmentationstereotracking\ccsstracking\ccsstracking\timefuns\time.h(43): error C4430: missing type specifier - int assumed. Note: C++ does not support default-int
     1>c:\programming\departamentoesi\colorclustersegmentationstereotracking\ccsstracking\ccsstracking\timefuns\time.h(55): error C2143: syntax error : missing ';' before 'sysctrl::STime::frameTime'
     1>c:\programming\departamentoesi\colorclustersegmentationstereotracking\ccsstracking\ccsstracking\timefuns\time.h(55): error C2433: 'TReal' : 'inline' not permitted on data declarations
     1>c:\programming\departamentoesi\colorclustersegmentationstereotracking\ccsstracking\ccsstracking\timefuns\time.h(55): error C4430: missing type specifier - int assumed. Note: C++ does not support default-int
     1>c:\programming\departamentoesi\colorclustersegmentationstereotracking\ccsstracking\ccsstracking\timefuns\time.h(56): error C4430: missing type specifier - int assumed. Note: C++ does not support default-int
     1>c:\programming\departamentoesi\colorclustersegmentationstereotracking\ccsstracking\ccsstracking\timefuns\time.h(57): error C2065: 'mFrameTime' : undeclared identifier
     1>c:\programming\departamentoesi\colorclustersegmentationstereotracking\ccsstracking\ccsstracking\timefuns\time.cpp(32): error C3861: 'revAssert': identifier not found
     1>c:\programming\departamentoesi\colorclustersegmentationstereotracking\ccsstracking\ccsstracking\timefuns\time.cpp(39): error C3861: 'revAssert': identifier not found
     1>c:\programming\departamentoesi\colorclustersegmentationstereotracking\ccsstracking\ccsstracking\timefuns\time.cpp(78): error C2614: 'sysctrl::STime' : illegal member initialization: 'mFrameTime' is not a base or member
         outputFuns.cpp
     1>c:\programming\departamentoesi\colorclustersegmentationstereotracking\ccsstracking\ccsstracking\output\outputfuns.h(11): fatal error C1083: Cannot open include file: 'SegmentedObject.h': No such file or directory
         main.cpp
     1>c:\programming\departamentoesi\colorclustersegmentationstereotracking\ccsstracking\ccsstracking\acquisition\imageacquisitor.h(11): fatal error C1083: Cannot open include file: 'opencv/cv.h': No such file or directory
         ViconDataAcquisitor.cpp
     1>c:\programming\departamentoesi\colorclustersegmentationstereotracking\ccsstracking\ccsstracking\kalmanfilter\vicondataacquisitor.h(15): fatal error C1083: Cannot open include file: 'StereoVisionEKF.h': No such file or directory
         StereoVisionEKF.cpp
     1>c:\programming\departamentoesi\colorclustersegmentationstereotracking\ccsstracking\ccsstracking\kalmanfilter\stereovisionekf.h(11): fatal error C1083: Cannot open include file: 'opencv/cv.h': No such file or directory
         InputDataManager.cpp
     1>c:\programming\departamentoesi\colorclustersegmentationstereotracking\ccsstracking\ccsstracking\kalmanfilter\inputdatamanager.cpp(8): fatal error C1083: Cannot open include file: 'InputDataManager.h': No such file or directory
         SegmentedObject.cpp
     1>c:\programming\departamentoesi\colorclustersegmentationstereotracking\ccsstracking\ccsstracking\colorclustersegmentation\segmentedobject.h(11): fatal error C1083: Cannot open include file: 'opencv/cv.h': No such file or directory
         SegmentateImage.cpp
     1>c:\programming\departamentoesi\colorclustersegmentationstereotracking\ccsstracking\ccsstracking\colorclustersegmentation\segmentateimage.h(11): fatal error C1083: Cannot open include file: 'opencv/cv.h': No such file or directory
         FastStereoMatching.cpp
     1>c:\programming\departamentoesi\colorclustersegmentationstereotracking\ccsstracking\ccsstracking\colorclustersegmentation\faststereomatching.cpp(13): fatal error C1083: Cannot open include file: 'FastStereoMatching.h': No such file or directory
         ColorSpaceHSV8.cpp
     1>c:\programming\departamentoesi\colorclustersegmentationstereotracking\ccsstracking\ccsstracking\colorclustersegmentation\colorspacehsv8.h(17): fatal error C1083: Cannot open include file: 'opencv/cv.h': No such file or directory
         ColorClusterSpace.cpp
     1>c:\programming\departamentoesi\colorclustersegmentationstereotracking\ccsstracking\ccsstracking\colorclustersegmentation\colorclusterspace.cpp(10): fatal error C1083: Cannot open include file: 'opencv/cv.h': No such file or directory
         ImageAcquisitor.cpp
     1>c:\programming\departamentoesi\colorclustersegmentationstereotracking\ccsstracking\ccsstracking\acquisition\imageacquisitor.h(11): fatal error C1083: Cannot open include file: 'opencv/cv.h': No such file or directory
         Generating Code...
     1>Done Building Project "C:\Programming\DepartamentoESI\ColorClusterSegmentationStereoTracking\CCSSTracking\CCSSTracking\CCSSTracking.vcxproj" (Build target(s)) -- FAILED.

Build FAILED.

Time Elapsed 00:00:01.54
